









################################################################
######## [2016/08/04 22:49:40] Start the program.

######## [2016/08/04 22:49:40] Hello, world!










################################################################
######## [2016/08/04 22:52:14] Start the program.










################################################################
128·âÓÊ¼þ
######## [2016/08/04 22:54:32] Start the program.

######## [2016/08/04 22:54:32] Start to connect.

######## [2016/08/04 22:54:32] Connetc success

######## [2016/08/04 22:54:32] Before Send Email.

######## [2016/08/04 22:54:37] After Send Email.

######## [2016/08/04 22:54:37] Exit the program.










################################################################
8·âÓÊ¼þ
######## [2016/08/04 22:59:59] Start the program.

######## [2016/08/04 22:59:59] Read Appends

######## [2016/08/04 22:59:59] Start to connect.

######## [2016/08/04 22:59:59] Connetc success

######## [2016/08/04 22:59:59] Before Send Email.

######## [2016/08/04 23:00:01] After Send Email.

######## [2016/08/04 23:00:01] Exit the program.










################################################################
8·âÓÊ¼þ
######## [2016/08/04 23:00:36] Start the program.

######## [2016/08/04 23:00:36] Read Appends

######## [2016/08/04 23:00:36] Start to connect.

######## [2016/08/04 23:00:36] Connetc success

######## [2016/08/04 23:00:36] Before Send Email.

######## [2016/08/04 23:00:38] After Send Email.

######## [2016/08/04 23:00:38] Exit the program.










################################################################
######## [2016/08/04 23:16:14] Start the program.










################################################################
######## [2016/08/04 23:16:44] Start the program.

######## [2016/08/04 23:16:44] Read Appends

######## [2016/08/04 23:16:44] Start to connect.

######## [2016/08/04 23:16:45] Connetc success

######## [2016/08/04 23:16:45] Before Send Email, there are 402 receivers.

######## [2016/08/04 23:16:47] After Send Email.

######## [2016/08/04 23:16:47] Exit the program.










################################################################
######## [2016/08/04 23:18:50] Start the program.

######## [2016/08/04 23:18:50] Read Appends

######## [2016/08/04 23:18:51] Start to connect.

######## [2016/08/04 23:18:51] Connetc success

######## [2016/08/04 23:18:51] Before Send Email, there are 502 receivers.










################################################################
######## [2016/08/04 23:20:08] Start the program.

######## [2016/08/04 23:20:08] Read Appends

######## [2016/08/04 23:20:08] Start to connect.

######## [2016/08/04 23:20:08] Connetc success

######## [2016/08/04 23:20:08] Before Send Email, there are 502 receivers.










################################################################
######## [2016/08/04 23:20:29] Start the program.

######## [2016/08/04 23:20:29] Read Appends

######## [2016/08/04 23:20:29] Start to connect.

######## [2016/08/04 23:20:29] Connetc success

######## [2016/08/04 23:20:29] Before Send Email, there are 2 receivers.

######## [2016/08/04 23:20:31] After Send Email.

######## [2016/08/04 23:20:31] Exit the program.










################################################################
######## [2016/08/04 23:21:43] Start the program.

######## [2016/08/04 23:21:43] Read Appends

######## [2016/08/04 23:21:43] Start to connect.

######## [2016/08/04 23:21:43] Connetc success

######## [2016/08/04 23:21:43] Before Send Email, there are 120 receivers.

######## [2016/08/04 23:21:45] After Send Email.

######## [2016/08/04 23:21:45] Exit the program.










################################################################
######## [2016/08/04 23:21:51] Start the program.

######## [2016/08/04 23:21:51] Read Appends

######## [2016/08/04 23:21:51] Start to connect.

######## [2016/08/04 23:21:51] Connetc success

######## [2016/08/04 23:21:51] Before Send Email, there are 120 receivers.

######## [2016/08/04 23:21:53] After Send Email.

######## [2016/08/04 23:21:53] Exit the program.










################################################################
######## [2016/08/04 23:22:08] Start the program.

######## [2016/08/04 23:22:08] Read Appends

######## [2016/08/04 23:22:08] Start to connect.

######## [2016/08/04 23:22:08] Connetc success

######## [2016/08/04 23:22:08] Before Send Email, there are 130 receivers.

######## [2016/08/04 23:22:11] After Send Email.

######## [2016/08/04 23:22:11] Exit the program.










################################################################
######## [2016/08/04 23:24:00] Start the program.

######## [2016/08/04 23:24:00] Read Appends

######## [2016/08/04 23:24:00] Start to connect.

######## [2016/08/04 23:24:00] Connetc success

######## [2016/08/04 23:24:00] Before Send Email, there are 143 receivers.










################################################################
######## [2016/08/04 23:25:24] Start the program.

######## [2016/08/04 23:25:24] Read Appends

######## [2016/08/04 23:25:24] Start to connect.

######## [2016/08/04 23:25:24] Connetc success

######## [2016/08/04 23:25:24] Before Send Email, there are 113 receivers.










################################################################
######## [2016/08/04 23:32:13] Start the program.

######## [2016/08/04 23:32:13] Read Appends

######## [2016/08/04 23:32:13] Start to connect.

######## [2016/08/04 23:32:13] Connetc success

######## [2016/08/04 23:32:13] Before Send Email, there are 113 receivers.










################################################################
######## [2016/08/04 23:32:43] Start the program.

######## [2016/08/04 23:32:43] Read Appends

######## [2016/08/04 23:32:43] Start to connect.

######## [2016/08/04 23:32:43] Connetc success

######## [2016/08/04 23:32:43] Before Send Email, there are 64 receivers.










################################################################
######## [2016/08/04 23:33:31] Start the program.

######## [2016/08/04 23:33:31] Read Appends

######## [2016/08/04 23:33:31] Start to connect.

######## [2016/08/04 23:33:31] Connetc success

######## [2016/08/04 23:33:31] Before Send Email, there are 32 receivers.










################################################################
######## [2016/08/04 23:33:47] Start the program.

######## [2016/08/04 23:33:47] Read Appends

######## [2016/08/04 23:33:47] Start to connect.

######## [2016/08/04 23:33:47] Connetc success

######## [2016/08/04 23:33:47] Before Send Email, there are 2 receivers.










################################################################
######## [2016/08/04 23:34:05] Start the program.

######## [2016/08/04 23:34:05] Read Appends

######## [2016/08/04 23:34:05] Start to connect.

######## [2016/08/04 23:34:05] Connetc success

######## [2016/08/04 23:34:05] Before Send Email, there are 1 receivers.










################################################################
######## [2016/08/04 23:45:08] Start the program.

######## [2016/08/04 23:45:08] Read Appends

######## [2016/08/04 23:45:08] Start to connect.

######## [2016/08/04 23:45:08] Connetc success

######## [2016/08/04 23:45:08] Before Send Email, there are 2 receivers.
