









################################################################[2016/08/12 12:25:04] Start the program.










################################################################[2016/08/12 12:25:28] Start the program.










################################################################[2016/08/12 12:40:27] Start the program.










################################################################[2016/08/12 19:13:11] Start the program.










################################################################[2016/08/12 19:29:44] Start the program.
[2016/08/12 19:29:54] Get 1260 mails from excel.
[2016/08/12 19:31:27] Get 1260 mails from excel.
[2016/08/12 19:32:05] Get 1260 mails from excel.










################################################################[2016/08/12 19:41:29] Start the program.
[2016/08/12 19:41:32] Get 1260 mails from excel.
[2016/08/12 19:42:06] Get 1260 mails from excel.
[2016/08/12 19:43:24] Get 1260 mails from excel.
[2016/08/12 19:43:56] Get 1260 mails from excel.










################################################################[2016/08/12 21:41:00] Start the program.
[2016/08/12 21:41:30] Get 2 mails from excel.
[2016/08/12 21:41:36] 读取附件成功
[2016/08/12 21:41:36] Start to send a group.
Connect 192.168.10.222 Success.
Account liangjinchao@smartsan.com login Success.
[2016/08/12 21:41:41] Send to [u'hustoliver@hainan.com'] |  | []
[2016/08/12 21:42:36] Start to send a group.
Connect 192.168.10.222 Success.
Account liangjinchao@smartsan.com login Success.
[2016/08/12 21:42:41] Send to [u'mmyzoliver@163.com'] |  | []










################################################################[2016/08/12 21:49:40] Start the program.










################################################################[2016/08/12 21:50:10] Start the program.
[2016/08/12 21:50:36] Get 112 mails from excel.










################################################################[2016/08/12 21:51:09] Start the program.
[2016/08/12 21:52:30] Get 2 mails from excel.
[2016/08/12 21:52:40] Get 2 mails from excel.
[2016/08/12 21:52:44] 读取附件成功
[2016/08/12 21:52:44] Start to send a group.
Connect mail.hust.edu.cn Success.
Account dian@hust.edu.cn login Success.
[2016/08/12 21:52:49] Send to [u'mmyzoliver@163.com'] |  | []
[2016/08/12 21:53:44] Start to send a group.
Connect mail.hust.edu.cn Success.
Account dian@hust.edu.cn login Success.
[2016/08/12 21:53:49] Send to [u'hustoliver@hainan.com'] |  | []
[2016/08/12 21:57:21] Get 2 mails from excel.
[2016/08/12 21:57:58] Get 3 mails from excel.
[2016/08/12 21:58:01] 读取附件成功
[2016/08/12 21:58:01] Start to send a group.
Connect mail.hust.edu.cn Success.
Account dian@hust.edu.cn login Success.
[2016/08/12 21:58:06] Send to [u'albertmiao168@yahoo.com.cn'] | 当前账号dian@hust.edu.cn发送邮件过多被拒: (450, 'Requested action not taken: FgEQrJCL_+qi1a1XOHW7AA--.24156S2, please try again') | []










################################################################[2016/08/12 22:15:08] Start the program.










################################################################[2016/08/12 22:36:59] Start the program.
