









################################################################[2016/08/07 10:46:32] Start the program.
[2016/08/07 10:46:32] 读取附件成功
[2016/08/07 10:46:32] Start to send a group.
Connect mail.hust.edu.cn Success.
Account M201571736@hust.edu.cn login Success.
[2016/08/07 10:46:32] Send to ['wlxsczds@sina.com', 'chenyuanbin2009@sina.com'] | 未知原因，暂时发送失败: (450, 'Requested action not taken: GgEQrJDbX_RWoaZXpb6TAA--.56669S2, please try again') | []










################################################################[2016/08/07 10:47:42] Start the program.
[2016/08/07 10:47:42] 读取附件成功
[2016/08/07 10:47:42] Start to send a group.
Connect mail.hust.edu.cn Success.
Account M201571736@hust.edu.cn login Success.
[2016/08/07 10:47:43] Send to ['wlxsczds@sina.com', 'chenyuanbin2009@sina.com'] | 未知原因，暂时发送失败: (450, 'Requested action not taken: GgEQrJDbn7CdoaZX4r6TAA--.8735S2, please try again') | []










################################################################[2016/08/07 11:01:03] Start the program.
[2016/08/07 11:01:03] 读取附件成功
[2016/08/07 11:01:03] Start to send a group.
Connect mail.hust.edu.cn Success.
Account U201313778@hust.edu.cn login Success.
[2016/08/07 11:01:03] Send to ['wlxsczds@sina.com', 'chenyuanbin2009@sina.com'] | 当前账号U201313778@hust.edu.cn发送邮件过多被拒: (450, 'Requested action not taken: GgEQrJBrD+y9pKZX5sOTAA--.58784S2, please try again') | []










################################################################[2016/08/07 11:01:34] Start the program.
[2016/08/07 11:01:34] 读取附件成功
[2016/08/07 11:01:34] Start to send a group.
Connect mail.hust.edu.cn Success.
Account U201313778@hust.edu.cn login Success.
[2016/08/07 11:01:34] Send to ['wlxsczds@sina.com', 'chenyuanbin2009@sina.com'] | 当前账号U201313778@hust.edu.cn发送邮件过多被拒: (450, 'Requested action not taken: GgEQrJDLT7LcpKZXJ8STAA--.12068S2, please try again') | []










################################################################[2016/08/07 11:08:37] Start the program.
[2016/08/07 11:08:37] 读取附件成功
[2016/08/07 11:08:37] Start to send a group.
Connect mail.hust.edu.cn Success.
Account U201313778@hust.edu.cn login Success.
[2016/08/07 11:08:37] Send to ['wlxsczds@sina.com', 'chenyuanbin2009@sina.com'] | 当前账号U201313778@hust.edu.cn发送邮件过多被拒: (450, 'Requested action not taken: GgEQrJBr77GDpqZXE8aTAA--.12097S2, please try again') | []










################################################################[2016/08/07 11:08:59] Start the program.
[2016/08/07 11:08:59] 读取附件成功
[2016/08/07 11:08:59] Start to send a group.
Connect mail.hust.edu.cn Success.
Account M201571856@hust.edu.cn login Success.
[2016/08/07 11:08:59] Send to ['wlxsczds@sina.com', 'chenyuanbin2009@sina.com'] | 当前账号M201571856@hust.edu.cn发送邮件过多被拒: (450, 'Requested action not taken: GgEQrJB7H+yZpqZXK8aTAA--.56400S2, please try again') | []










################################################################[2016/08/07 11:14:34] Start the program.
[2016/08/07 11:14:34] 读取附件成功
[2016/08/07 11:14:34] Start to send a group.
Connect smtp.163.com Success.
Account liangjinchao.happy@163.com login Success.
[2016/08/07 11:14:59] Send to ['wlxsczds@sina.com', 'chenyuanbin2009@sina.com'] |  | []










################################################################[2016/08/07 11:19:22] Start the program.
[2016/08/07 11:19:22] 读取附件成功
[2016/08/07 11:19:22] Start to send a group.
Connect mail.hust.edu.cn Success.
Account M201571736@hust.edu.cn login Success.
[2016/08/07 11:19:33] Send to ['wlxsczds@sina.com', 'chenyuanbin2009@sina.com'] | 当前账号M201571736@hust.edu.cn发送邮件过多被拒: (450, 'Requested action not taken: GgEQrJC7X+4JqaZXoMiTAA--.61998S2, please try again') | []










################################################################[2016/08/07 11:22:26] Start the program.
[2016/08/07 11:22:26] 读取附件成功
[2016/08/07 11:22:26] Start to send a group.
Connect mail.hust.edu.cn Success.
Account M201571856@hust.edu.cn login Success.
[2016/08/07 11:22:26] Send to ['wlxsczds@sina.com', 'chenyuanbin2009@sina.com'] | 当前账号M201571856@hust.edu.cn发送邮件过多被拒: (450, 'Requested action not taken: GgEQrJCLT7DAqaZXvsmTAA--.2770S2, please try again') | []










################################################################[2016/08/07 11:31:10] Start the program.
[2016/08/07 11:31:10] 读取附件成功
[2016/08/07 11:31:10] Start to send a group.
Connect mail.hust.edu.cn Success.
Account M201571736@hust.edu.cn login Success.
[2016/08/07 11:31:10] Send to ['wlxsczds@sina.com', 'chenyuanbin2009@sina.com'] | 当前账号M201571736@hust.edu.cn发送邮件过多被拒: (450, 'Requested action not taken: GgEQrJCbX7DMq6ZXecyTAA--.7309S2, please try again') | []










################################################################[2016/08/07 11:31:48] Start the program.
[2016/08/07 11:31:48] 读取附件成功
[2016/08/07 11:31:48] Start to send a group.
Connect mail.hust.edu.cn Success.
Account M201571856@hust.edu.cn login Success.
[2016/08/07 11:31:48] Send to ['wlxsczds@sina.com', 'chenyuanbin2009@sina.com'] | 当前账号M201571856@hust.edu.cn发送邮件过多被拒: (450, 'Requested action not taken: GgEQrJCLL+7zq6ZXp8yTAA--.57960S2, please try again') | []










################################################################[2016/08/07 11:34:04] Start the program.
[2016/08/07 11:34:04] 读取附件成功
[2016/08/07 11:34:04] Start to send a group.
Connect smtp.163.com Success.
Account liangjinchao.happy@163.com login Success.
[2016/08/07 11:34:08] Send to ['1026815245@qq.com'] | 当前账号liangjinchao.happy@163.com发送邮件过多被拒: (554, 'DT:SPM 163 smtp12,EMCowAD3VK4irKZXGzF5Bw--.41986S2 1470540837,please see http://mail.163.com/help/help_spam_16.htm?ip=222.20.109.37&hostid=smtp12&time=1470540837') | []










################################################################[2016/08/07 11:36:03] Start the program.
[2016/08/07 11:36:03] 读取附件成功
[2016/08/07 11:38:08] Start to send a group.
Connect smtp.163.com Success.
Account liangjinchao.happy@163.com login Success.
[2016/08/07 11:38:10] Send to ['1026815245@qq.com'] | 当前账号liangjinchao.happy@163.com发送邮件过多被拒: (554, 'DT:SPM 163 smtp12,EMCowAD3Vq8VraZX3Hh5Bw--.41097S2 1470541079,please see http://mail.163.com/help/help_spam_16.htm?ip=222.20.109.37&hostid=smtp12&time=1470541079') | []










################################################################[2016/08/07 11:46:05] Start the program.
[2016/08/07 11:46:05] 读取附件成功
[2016/08/07 11:46:05] Start to send a group.
Connect mail.hust.edu.cn Success.
Account M201571856@hust.edu.cn login Success.
[2016/08/07 11:46:05] Send to ['1026815245@qq.com'] | 当前账号M201571856@hust.edu.cn发送邮件过多被拒: (450, 'Requested action not taken: GgEQrJDbf+5Lr6ZXJNKTAA--.59236S2, please try again') | []










################################################################[2016/08/07 11:46:11] Start the program.
[2016/08/07 11:46:11] 读取附件成功
[2016/08/07 11:46:11] Start to send a group.
Connect mail.hust.edu.cn Success.
Account M201571856@hust.edu.cn login Success.
[2016/08/07 11:46:12] Send to ['1026815245@qq.com'] | 当前账号M201571856@hust.edu.cn发送邮件过多被拒: (450, 'Requested action not taken: GgEQrJD7P+tSr6ZXKdKTAA--.55597S2, please try again') | []










################################################################[2016/08/07 12:19:02] Start the program.
[2016/08/07 12:19:02] 读取附件成功
[2016/08/07 12:19:02] Start to send a group.
Connect mail.hust.edu.cn Success.
Account M201571736@hust.edu.cn login Success.
[2016/08/07 12:19:03] Send to ['1026815245@qq.com'] | 当前账号M201571736@hust.edu.cn发送邮件过多被拒: (450, 'Requested action not taken: GgEQrJBrD+wFt6ZX+t2TAA--.58891S2, please try again') | []










################################################################[2016/08/07 12:25:50] Start the program.
[2016/08/07 12:25:50] 读取附件成功
[2016/08/07 12:25:50] Start to send a group.
Connect mail.hust.edu.cn Success.
Account M201571736@hust.edu.cn login Success.
[2016/08/07 12:25:51] Send to ['mmyzoliver@163.com'] | 当前账号M201571736@hust.edu.cn发送邮件过多被拒: (450, 'Requested action not taken: GgEQrJB7H+yduKZXvOGTAA--.56493S2, please try again') | []










################################################################[2016/08/07 12:27:03] Start the program.
[2016/08/07 12:27:03] 读取附件成功
[2016/08/07 12:27:03] Start to send a group.
Connect mail.hust.edu.cn Success.
Account M201571736@hust.edu.cn login Success.
[2016/08/07 12:27:03] Send to ['mmyzoliver@163.com'] |  | []










################################################################[2016/08/07 12:28:28] Start the program.
[2016/08/07 12:28:28] 读取附件成功
[2016/08/07 12:28:28] Start to send a group.
Connect mail.hust.edu.cn Success.
Account M201571736@hust.edu.cn login Success.
[2016/08/07 12:28:28] Send to ['mmyzoliver@163.com'] |  | []










################################################################[2016/08/07 12:30:31] Start the program.
[2016/08/07 12:30:31] 读取附件成功
[2016/08/07 12:30:31] Start to send a group.
Connect mail.hust.edu.cn Success.
Account M201571856@hust.edu.cn login Success.
[2016/08/07 12:30:32] Send to ['mmyzoliver@163.com'] | 当前账号M201571856@hust.edu.cn发送邮件过多被拒: (450, 'Requested action not taken: GgEQrJC7P7K2uaZXxeOTAA--.12419S2, please try again') | []










################################################################[2016/08/07 12:36:03] Start the program.
[2016/08/07 12:36:03] 读取附件成功
[2016/08/07 12:36:03] Start to send a group.
Connect mail.hust.edu.cn Success.










################################################################[2016/08/07 12:47:23] Start the program.
[2016/08/07 12:47:23] 读取附件成功
[2016/08/07 12:47:23] Start to send a group.
Connect mail.hust.edu.cn Success.
Account U201313778@hust.edu.cn login Success.
[2016/08/07 12:47:23] Send to ['mmyzoliver@163.com'] |  | []










################################################################[2016/08/07 12:49:44] Start the program.
[2016/08/07 12:49:44] 读取附件成功
[2016/08/07 12:49:44] Start to send a group.
Connect mail.hust.edu.cn Success.
Account U201313778@hust.edu.cn login Success.
[2016/08/07 12:49:44] Send to ['mmyzoliver@163.com'] |  | []
