









################################################################
######## [2016/08/05 22:10:23] Start the program.










################################################################
######## [2016/08/05 22:12:05] Start the program.










################################################################
######## [2016/08/05 22:13:27] Start the program.










################################################################
######## [2016/08/05 22:15:38] Start the program.










################################################################
######## [2016/08/05 22:25:58] Start the program.










################################################################
######## [2016/08/05 22:27:39] Start the program.










################################################################
######## [2016/08/05 22:33:00] Start the program.

######## [2016/08/05 22:33:00] 读取附件成功

######## [2016/08/05 22:33:00] Start to send a group.
Connect mail.hust.edu.cn Success.










################################################################
######## [2016/08/05 22:33:28] Start the program.

######## [2016/08/05 22:33:28] 读取附件成功

######## [2016/08/05 22:33:28] Start to send a group.
Connect mail.hust.edu.cn Success.










################################################################
######## [2016/08/05 22:41:40] Start the program.

######## [2016/08/05 22:41:40] 无法打开附件: E:\点石月刊 发行-\简报邮件正文内容.txt 
[Errno 2] No such file or directory: u'E:\\\u70b9\u77f3\u6708\u520a \u53d1\u884c-\\\u7b80\u62a5\u90ae\u4ef6\u6b63\u6587\u5185\u5bb9.txt'










################################################################
######## [2016/08/05 23:00:21] Start the program.

######## [2016/08/05 23:00:21] 读取附件成功

######## [2016/08/05 23:00:21] Start to send a group.
Connect mail.hust.edu.cn Success.
Account M201571736@hust.edu.cn login Success.

######## [2016/08/05 23:00:23] After send a group:


######## [2016/08/05 23:00:23] Start to send a group.
Connect mail.hust.edu.cn Success.
Account M201571736@hust.edu.cn login Success.

######## [2016/08/05 23:00:25] After send a group:


######## [2016/08/05 23:00:25] Start to send a group.
Connect mail.hust.edu.cn Success.
Account M201571736@hust.edu.cn login Success.

######## [2016/08/05 23:00:27] After send a group:


######## [2016/08/05 23:00:28] Start to send a group.
Connect mail.hust.edu.cn Success.
Account M201571736@hust.edu.cn login Success.

######## [2016/08/05 23:00:29] After send a group:











################################################################
######## [2016/08/05 23:08:58] Start the program.

######## [2016/08/05 23:08:58] 读取附件成功

######## [2016/08/05 23:10:17] Start to send a group.
Connect mail.hust.edu.cn Success.
Account M201571736@hust.edu.cn login Success.

######## [2016/08/05 23:11:19] After send a group:











################################################################
######## [2016/08/05 23:13:17] Start the program.

######## [2016/08/05 23:13:17] 读取附件成功

######## [2016/08/05 23:13:17] Start to send a group.
Connect mail.hust.edu.cn Success.
Account M201571736@hust.edu.cn login Success.

######## [2016/08/05 23:13:19] After send a group:


######## [2016/08/05 23:13:19] Start to send a group.
Connect mail.hust.edu.cn Success.
Account M201571736@hust.edu.cn login Success.

######## [2016/08/05 23:13:19] After send a group:
当前账号M201571736@hust.edu.cn发送邮件过多被拒: {}

######## [2016/08/05 23:13:19] Start to send a group.
Connect mail.hust.edu.cn Success.
Account U201313778@hust.edu.cn login Success.

######## [2016/08/05 23:13:20] After send a group:
当前账号U201313778@hust.edu.cn发送邮件过多被拒: {}

######## [2016/08/05 23:13:20] Start to send a group.
Connect mail.hust.edu.cn Success.
Account M201571736@hust.edu.cn login Success.

######## [2016/08/05 23:13:20] After send a group:
当前账号M201571736@hust.edu.cn发送邮件过多被拒: {}

######## [2016/08/05 23:13:40] Start to send a group.
Connect mail.hust.edu.cn Success.
Account M201571736@hust.edu.cn login Success.

######## [2016/08/05 23:13:41] After send a group:
当前账号M201571736@hust.edu.cn发送邮件过多被拒: {}

######## [2016/08/05 23:14:01] Start to send a group.
Connect mail.hust.edu.cn Success.
Account M201571736@hust.edu.cn login Success.

######## [2016/08/05 23:14:01] After send a group:
当前账号M201571736@hust.edu.cn发送邮件过多被拒: {}

######## [2016/08/05 23:14:21] Start to send a group.
Connect mail.hust.edu.cn Success.
Account M201571736@hust.edu.cn login Success.

######## [2016/08/05 23:14:22] After send a group:
当前账号M201571736@hust.edu.cn发送邮件过多被拒: {}










################################################################
######## [2016/08/06 21:06:58] Start the program.

######## [2016/08/06 21:06:58] 读取附件成功

######## [2016/08/06 21:06:58] Start to send a group.
Connect mail.hust.edu.cn Success.
Account M201571736@hust.edu.cn login Success.

######## [2016/08/06 21:07:05] After send a group:


######## [2016/08/06 21:07:05] Start to send a group.
Connect mail.hust.edu.cn Success.
Account M201571736@hust.edu.cn login Success.

######## [2016/08/06 21:07:12] After send a group:


######## [2016/08/06 21:07:12] Start to send a group.
Connect mail.hust.edu.cn Success.
Account M201571736@hust.edu.cn login Success.

######## [2016/08/06 21:07:19] After send a group:


######## [2016/08/06 21:07:19] Start to send a group.
Connect mail.hust.edu.cn Success.
Account M201571736@hust.edu.cn login Success.

######## [2016/08/06 21:07:27] After send a group:


######## [2016/08/06 21:07:27] Start to send a group.
Connect mail.hust.edu.cn Success.
Account M201571736@hust.edu.cn login Success.

######## [2016/08/06 21:07:28] After send a group:
当前账号M201571736@hust.edu.cn发送邮件过多被拒: {}

######## [2016/08/06 21:07:28] Start to send a group.
Connect mail.hust.edu.cn Success.
Account U201313778@hust.edu.cn login Success.

######## [2016/08/06 21:07:29] After send a group:
当前账号U201313778@hust.edu.cn发送邮件过多被拒: {}

######## [2016/08/06 21:07:29] Start to send a group.
Connect mail.hust.edu.cn Success.
Account M201571736@hust.edu.cn login Success.

######## [2016/08/06 21:07:31] After send a group:
当前账号M201571736@hust.edu.cn发送邮件过多被拒: {}

######## [2016/08/06 21:07:51] Start to send a group.
Connect mail.hust.edu.cn Success.
Account M201571736@hust.edu.cn login Success.

######## [2016/08/06 21:07:52] After send a group:
当前账号M201571736@hust.edu.cn发送邮件过多被拒: {}

######## [2016/08/06 21:08:12] Start to send a group.
Connect mail.hust.edu.cn Success.
Account M201571736@hust.edu.cn login Success.

######## [2016/08/06 21:08:13] After send a group:
当前账号M201571736@hust.edu.cn发送邮件过多被拒: {}










################################################################
######## [2016/08/06 21:20:59] Start the program.

######## [2016/08/06 21:20:59] 读取附件成功

######## [2016/08/06 21:20:59] Start to send a group.
Connect mail.hust.edu.cn Success.
Account M201571736@hust.edu.cn login Success.

######## [2016/08/06 21:21:06] After send a group:


######## [2016/08/06 21:21:06] Start to send a group.
Connect mail.hust.edu.cn Success.
Account M201571736@hust.edu.cn login Success.

######## [2016/08/06 21:21:13] After send a group:











################################################################
######## [2016/08/06 21:24:05] Start the program.

######## [2016/08/06 21:24:05] 读取附件成功

######## [2016/08/06 21:24:05] Start to send a group.
Connect mail.hust.edu.cn Success.
Account M201571736@hust.edu.cn login Success.

######## [2016/08/06 21:24:12] After send a group:


######## [2016/08/06 21:24:12] Start to send a group.
Connect mail.hust.edu.cn Success.
Account M201571736@hust.edu.cn login Success.

######## [2016/08/06 21:24:19] After send a group:


######## [2016/08/06 21:24:19] Start to send a group.
Connect mail.hust.edu.cn Success.
Account M201571736@hust.edu.cn login Success.

######## [2016/08/06 21:24:26] After send a group:


######## [2016/08/06 21:24:26] Start to send a group.
Connect mail.hust.edu.cn Success.
Account M201571736@hust.edu.cn login Success.

######## [2016/08/06 21:24:33] After send a group:


######## [2016/08/06 21:24:33] Start to send a group.
Connect mail.hust.edu.cn Success.
Account M201571736@hust.edu.cn login Success.

######## [2016/08/06 21:24:34] After send a group:
当前账号M201571736@hust.edu.cn发送邮件过多被拒: {}










################################################################
######## [2016/08/06 21:25:42] Start the program.

######## [2016/08/06 21:25:43] 读取附件成功

######## [2016/08/06 21:25:43] Start to send a group.
Connect mail.hust.edu.cn Success.
Account M201571736@hust.edu.cn login Success.

######## [2016/08/06 21:26:15] After send a group:


######## [2016/08/06 21:26:15] Start to send a group.
Connect mail.hust.edu.cn Success.
Account M201571736@hust.edu.cn login Success.

######## [2016/08/06 21:26:51] After send a group:
未知原因，暂时发送失败: (450, 'Requested action not taken: GQEQrJCLz+w45aVX7ASOAA--.12089S2, please try again')

######## [2016/08/06 21:26:51] Start to send a group.
Connect mail.hust.edu.cn Success.
Account M201571736@hust.edu.cn login Success.

######## [2016/08/06 21:27:00] After send a group:
未知原因，暂时发送失败: (450, 'Requested action not taken: GQEQrJDrfulc5aVXEwWOAA--.20490S2, please try again')

######## [2016/08/06 21:27:00] Start to send a group.
Connect mail.hust.edu.cn Success.
Account M201571736@hust.edu.cn login Success.

######## [2016/08/06 21:27:11] After send a group:
未知原因，暂时发送失败: (450, 'Requested action not taken: GQEQrJCLH+pl5aVXGwWOAA--.30435S2, please try again')

######## [2016/08/06 21:27:11] Start to send a group.
Connect mail.hust.edu.cn Success.
Account M201571736@hust.edu.cn login Success.

######## [2016/08/06 21:28:21] After send a group:


######## [2016/08/06 21:28:21] Start to send a group.
Connect mail.hust.edu.cn Success.
Account M201571736@hust.edu.cn login Success.

######## [2016/08/06 21:29:06] After send a group:
未知原因，暂时发送失败: (450, 'Requested action not taken: GQEQrJCb3+y25aVXkwWOAA--.10932S2, please try again')

######## [2016/08/06 21:29:06] Start to send a group.
Connect mail.hust.edu.cn Success.
Account M201571736@hust.edu.cn login Success.

######## [2016/08/06 21:29:32] After send a group:
未知原因，暂时发送失败: 

######## [2016/08/06 21:29:32] Start to send a group.
Connect mail.hust.edu.cn Success.
Account M201571736@hust.edu.cn login Success.

######## [2016/08/06 21:29:39] After send a group:


######## [2016/08/06 21:29:39] Start to send a group.
Connect mail.hust.edu.cn Success.
Account M201571736@hust.edu.cn login Success.

######## [2016/08/06 21:29:46] After send a group:
未知原因，暂时发送失败: (450, 'Requested action not taken: GQEQrJCb3+wE5qVX7gWOAA--.10937S2, please try again')

######## [2016/08/06 21:29:46] Start to send a group.
Connect mail.hust.edu.cn Success.
Account M201571736@hust.edu.cn login Success.

######## [2016/08/06 21:29:53] After send a group:
未知原因，暂时发送失败: (450, 'Requested action not taken: GQEQrJCLH+oL5qVX9wWOAA--.30441S2, please try again')

######## [2016/08/06 21:29:53] Start to send a group.
Connect mail.hust.edu.cn Success.
Account M201571736@hust.edu.cn login Success.

######## [2016/08/06 21:30:00] After send a group:
未知原因，暂时发送失败: (450, 'Requested action not taken: GQEQrJCr7+wS5qVXBgaOAA--.13484S2, please try again')

######## [2016/08/06 21:30:22] Start to send a group.
Connect mail.hust.edu.cn Success.
Account M201571736@hust.edu.cn login Success.










################################################################
######## [2016/08/06 21:31:16] Start the program.

######## [2016/08/06 21:31:16] 读取附件成功

######## [2016/08/06 21:31:16] Start to send a group.
Connect mail.hust.edu.cn Success.
Account M201571736@hust.edu.cn login Success.










################################################################
######## [2016/08/06 21:33:12] Start the program.

######## [2016/08/06 21:33:12] 读取附件成功

######## [2016/08/06 21:33:12] Start to send a group.
Connect mail.hust.edu.cn Success.
Account M201571736@hust.edu.cn login Success.

######## [2016/08/06 21:33:25] After send a group:


######## [2016/08/06 21:33:25] Start to send a group.
Connect mail.hust.edu.cn Success.
Account M201571736@hust.edu.cn login Success.

######## [2016/08/06 21:33:35] After send a group:
当前账号M201571736@hust.edu.cn发送邮件太多被拒: (450, 'Requested action not taken: GQEQrJDLXunm5qVXXweOAA--.19953S2, please try again')

######## [2016/08/06 21:33:35] Start to send a group.
Connect mail.hust.edu.cn Success.
Account U201313778@hust.edu.cn login Success.

######## [2016/08/06 21:37:18] After send a group:
未知原因，暂时发送失败: Connection unexpectedly closed

######## [2016/08/06 21:37:18] Start to send a group.
Connect mail.hust.edu.cn Success.
Account U201313778@hust.edu.cn login Success.

######## [2016/08/06 21:37:34] After send a group:
当前账号U201313778@hust.edu.cn发送邮件太多被拒: (450, 'Requested action not taken: GQEQrJB7z+3P56VXHgmOAA--.15732S2, please try again')

######## [2016/08/06 21:37:34] Start to send a group.
Connect mail.hust.edu.cn Success.
Account M201571736@hust.edu.cn login Success.

######## [2016/08/06 21:37:53] After send a group:
当前账号M201571736@hust.edu.cn发送邮件过多被拒: {'flliwei@gmail.com': (450, 'Requested mail action not taken: too much recipient'), 'waaaw@sina.com': (450, 'Requested mail action not taken: too much recipient'), 'help@blogchina.com': (450, 'Requested mail action not taken: too much recipient'), 'yangxb@yahoo.com': (450, 'Requested mail action not taken: too much recipient'), 'nuanxue@sohu.com': (450, 'Requested mail action not taken: too much recipient'), 'cungufang@vip.sina.com': (450, 'Requested mail action not taken: too much recipient'), 'nancy_woo@163.com': (450, 'Requested mail action not taken: too much recipient'), 'qinghebiye@sina.com': (450, 'Requested mail action not taken: too much recipient'), 'yidaitianjiao668@sina.com': (450, 'Requested mail action not taken: too much recipient'), 'hualiansy@163.com': (450, 'Requested mail action not taken: too much recipient'), 'suqinbk@hotmail.com': (450, 'Requested mail action not taken: too much recipient'), 'xingtao20000@163.com': (450, 'Requested mail action not taken: too much recipient'), 'zhanghua6782000@yahoo.com.cn': (450, 'Requested mail action not taken: too much recipient'), 'wangshu1990@126.com': (450, 'Requested mail action not taken: too much recipient'), 'xiaodebuxiaode@sina.com': (450, 'Requested mail action not taken: too much recipient'), 'evenly@126.com': (450, 'Requested mail action not taken: too much recipient'), 'jodie1218@hotmail.com': (450, 'Requested mail action not taken: too much recipient'), 'nancy_woo@sina.com': (450, 'Requested mail action not taken: too much recipient'), 'yuanfu_zhang@photontec.com': (450, 'Requested mail action not taken: too much recipient'), 'ajian-jia@sohu.com': (450, 'Requested mail action not taken: too much recipient'), 'gfshishe@163.com': (450, 'Requested mail action not taken: too much recipient'), 'ctmrizz@sina.com': (450, 'Requested mail action not taken: too much recipient'), '_greatman_1014@163.com_1433.': (450, 'Requested mail action not taken: too much recipient'), 'frostchen@163.com': (450, 'Requested mail action not taken: too much recipient'), '737690187@qq.com': (450, 'Requested mail action not taken: too much recipient'), 'greatman_1014@163.com': (450, 'Requested mail action not taken: too much recipient'), 'bbs@ifeng.com': (450, 'Requested mail action not taken: too much recipient'), '156060332@qq.com.cn': (450, 'Requested mail action not taken: too much recipient'), 'luwenyong1@sina.com': (450, 'Requested mail action not taken: too much recipient'), 'greatman1014@hotmail.com': (450, 'Requested mail action not taken: too much recipient'), 'shenmuwen@sina.com': (450, 'Requested mail action not taken: too much recipient'), 'beijingluke@hotmail.com': (450, 'Requested mail action not taken: too much recipient'), '4343dd@sina.com': (450, 'Requested mail action not taken: too much recipient'), 'xiaodebuxiaode@hotmail.com': (450, 'Requested mail action not taken: too much recipient'), 'gfshikan@163.com': (450, 'Requested mail action not taken: too much recipient'), 'suqinbk@sina.com': (450, 'Requested mail action not taken: too much recipient'), 'caiyongdian@163.com': (450, 'Requested mail action not taken: too much recipient'), 'wxchshz@163.com': (450, 'Requested mail action not taken: too much recipient'), 'ljb688@163.com': (450, 'Requested mail action not taken: too much recipient'), 'shunliang0795@hotmail.com': (450, 'Requested mail action not taken: too much recipient')}

######## [2016/08/06 21:38:13] Start to send a group.
Connect mail.hust.edu.cn Success.
Account M201571736@hust.edu.cn login Success.

######## [2016/08/06 21:50:04] After send a group:
未知原因，暂时发送失败: 

######## [2016/08/06 21:50:04] Start to send a group.
Connect mail.hust.edu.cn Success.
Account M201571736@hust.edu.cn login Success.

######## [2016/08/06 21:50:05] After send a group:
当前账号M201571736@hust.edu.cn发送邮件过多被拒: {'flliwei@gmail.com': (450, 'Requested mail action not taken: too much recipient'), 'waaaw@sina.com': (450, 'Requested mail action not taken: too much recipient'), 'help@blogchina.com': (450, 'Requested mail action not taken: too much recipient'), 'yangxb@yahoo.com': (450, 'Requested mail action not taken: too much recipient'), 'nuanxue@sohu.com': (450, 'Requested mail action not taken: too much recipient'), 'cungufang@vip.sina.com': (450, 'Requested mail action not taken: too much recipient'), 'nancy_woo@163.com': (450, 'Requested mail action not taken: too much recipient'), 'qinghebiye@sina.com': (450, 'Requested mail action not taken: too much recipient'), 'yidaitianjiao668@sina.com': (450, 'Requested mail action not taken: too much recipient'), 'hualiansy@163.com': (450, 'Requested mail action not taken: too much recipient'), 'suqinbk@hotmail.com': (450, 'Requested mail action not taken: too much recipient'), 'xingtao20000@163.com': (450, 'Requested mail action not taken: too much recipient'), 'zhanghua6782000@yahoo.com.cn': (450, 'Requested mail action not taken: too much recipient'), 'wangshu1990@126.com': (450, 'Requested mail action not taken: too much recipient'), 'xiaodebuxiaode@sina.com': (450, 'Requested mail action not taken: too much recipient'), 'evenly@126.com': (450, 'Requested mail action not taken: too much recipient'), 'jodie1218@hotmail.com': (450, 'Requested mail action not taken: too much recipient'), 'nancy_woo@sina.com': (450, 'Requested mail action not taken: too much recipient'), 'yuanfu_zhang@photontec.com': (450, 'Requested mail action not taken: too much recipient'), 'ajian-jia@sohu.com': (450, 'Requested mail action not taken: too much recipient'), 'gfshishe@163.com': (450, 'Requested mail action not taken: too much recipient'), 'ctmrizz@sina.com': (450, 'Requested mail action not taken: too much recipient'), '_greatman_1014@163.com_1433.': (450, 'Requested mail action not taken: too much recipient'), 'frostchen@163.com': (450, 'Requested mail action not taken: too much recipient'), '737690187@qq.com': (450, 'Requested mail action not taken: too much recipient'), 'greatman_1014@163.com': (450, 'Requested mail action not taken: too much recipient'), 'bbs@ifeng.com': (450, 'Requested mail action not taken: too much recipient'), '156060332@qq.com.cn': (450, 'Requested mail action not taken: too much recipient'), 'luwenyong1@sina.com': (450, 'Requested mail action not taken: too much recipient'), 'greatman1014@hotmail.com': (450, 'Requested mail action not taken: too much recipient'), 'shenmuwen@sina.com': (450, 'Requested mail action not taken: too much recipient'), 'beijingluke@hotmail.com': (450, 'Requested mail action not taken: too much recipient'), '4343dd@sina.com': (450, 'Requested mail action not taken: too much recipient'), 'xiaodebuxiaode@hotmail.com': (450, 'Requested mail action not taken: too much recipient'), 'gfshikan@163.com': (450, 'Requested mail action not taken: too much recipient'), 'suqinbk@sina.com': (450, 'Requested mail action not taken: too much recipient'), 'caiyongdian@163.com': (450, 'Requested mail action not taken: too much recipient'), 'wxchshz@163.com': (450, 'Requested mail action not taken: too much recipient'), 'ljb688@163.com': (450, 'Requested mail action not taken: too much recipient'), 'shunliang0795@hotmail.com': (450, 'Requested mail action not taken: too much recipient')}










################################################################
######## [2016/08/06 21:50:38] Start the program.

######## [2016/08/06 21:50:38] 读取附件成功

######## [2016/08/06 21:50:38] Start to send a group.
Connect mail.hust.edu.cn Success.
Account M201571736@hust.edu.cn login Success.

######## [2016/08/06 21:50:39] After send a group:
当前账号M201571736@hust.edu.cn发送邮件太多被拒: {'1026815245@qq.com': (450, 'Requested mail action not taken: too much recipient'), 'mmyzoliver@163.com': (450, 'Requested mail action not taken: too much recipient')}

######## [2016/08/06 21:50:39] Start to send a group.
Connect mail.hust.edu.cn Success.
Account U201313778@hust.edu.cn login Success.

######## [2016/08/06 21:50:46] After send a group:
当前账号U201313778@hust.edu.cn发送邮件过多被拒: (450, 'Requested action not taken: GQEQrJDrfunw6qVXMA2OAA--.20527S2, please try again')

######## [2016/08/06 21:50:46] Start to send a group.
Connect mail.hust.edu.cn Success.
Account M201571736@hust.edu.cn login Success.

######## [2016/08/06 21:50:47] After send a group:
当前账号M201571736@hust.edu.cn发送邮件太多被拒: {'1026815245@qq.com': (450, 'Requested mail action not taken: too much recipient'), 'mmyzoliver@163.com': (450, 'Requested mail action not taken: too much recipient')}

######## [2016/08/06 21:51:07] Start to send a group.
Connect mail.hust.edu.cn Success.
Account M201571736@hust.edu.cn login Success.

######## [2016/08/06 21:51:09] After send a group:
当前账号M201571736@hust.edu.cn发送邮件太多被拒: {'1026815245@qq.com': (450, 'Requested mail action not taken: too much recipient'), 'mmyzoliver@163.com': (450, 'Requested mail action not taken: too much recipient')}

######## [2016/08/06 21:51:29] Start to send a group.
Connect mail.hust.edu.cn Success.
Account M201571736@hust.edu.cn login Success.

######## [2016/08/06 21:51:30] After send a group:
当前账号M201571736@hust.edu.cn发送邮件太多被拒: {'1026815245@qq.com': (450, 'Requested mail action not taken: too much recipient'), 'mmyzoliver@163.com': (450, 'Requested mail action not taken: too much recipient')}

######## [2016/08/06 21:51:50] Start to send a group.
Connect mail.hust.edu.cn Success.
Account M201571736@hust.edu.cn login Success.

######## [2016/08/06 21:51:51] After send a group:
当前账号M201571736@hust.edu.cn发送邮件太多被拒: {'1026815245@qq.com': (450, 'Requested mail action not taken: too much recipient'), 'mmyzoliver@163.com': (450, 'Requested mail action not taken: too much recipient')}










################################################################
######## [2016/08/06 21:53:55] Start the program.

######## [2016/08/06 21:53:55] 读取附件成功

######## [2016/08/06 21:53:55] Start to send a group.
Connect mail.hust.edu.cn Success.
Account U201313778@hust.edu.cn login Success.

######## [2016/08/06 21:54:02] After send a group:


######## [2016/08/06 21:54:02] Start to send a group.
Connect mail.hust.edu.cn Success.
Account U201313778@hust.edu.cn login Success.

######## [2016/08/06 21:54:09] After send a group:
当前账号U201313778@hust.edu.cn发送邮件过多被拒: (450, 'Requested action not taken: GQEQrJCLz+y766VXTw6OAA--.12131S2, please try again')

######## [2016/08/06 21:54:09] Start to send a group.
Connect mail.hust.edu.cn Success.
Account M201571856@hust.edu.cn login Success.

######## [2016/08/06 21:54:16] After send a group:
当前账号M201571856@hust.edu.cn发送邮件过多被拒: (450, 'Requested action not taken: GQEQrJCLH+rD66VXVw6OAA--.30481S2, please try again')

######## [2016/08/06 21:54:16] Start to send a group.
Connect mail.hust.edu.cn Success.
Account U201313778@hust.edu.cn login Success.

######## [2016/08/06 21:54:24] After send a group:
当前账号U201313778@hust.edu.cn发送邮件过多被拒: (450, 'Requested action not taken: GQEQrJALn+nK66VXXg6OAA--.20038S2, please try again')

######## [2016/08/06 21:54:44] Start to send a group.
Connect mail.hust.edu.cn Success.
Account U201313778@hust.edu.cn login Success.

######## [2016/08/06 21:54:50] After send a group:
当前账号U201313778@hust.edu.cn发送邮件过多被拒: (450, 'Requested action not taken: GQEQrJAbr+nl66VXeQ6OAA--.21319S2, please try again')

######## [2016/08/06 21:55:10] Start to send a group.
Connect mail.hust.edu.cn Success.
Account U201313778@hust.edu.cn login Success.

######## [2016/08/06 21:55:17] After send a group:
当前账号U201313778@hust.edu.cn发送邮件过多被拒: (450, 'Requested action not taken: GQEQrJC7_+wA7KVXlQ6OAA--.11512S2, please try again')

######## [2016/08/06 21:55:37] Start to send a group.
Connect mail.hust.edu.cn Success.
Account U201313778@hust.edu.cn login Success.










################################################################
######## [2016/08/06 21:57:04] Start the program.

######## [2016/08/06 21:57:05] 读取附件成功

######## [2016/08/06 21:57:05] Start to send a group.
Connect mail.hust.edu.cn Success.
Account U201313778@hust.edu.cn login Success.

######## [2016/08/06 21:57:11] After send a group:
当前账号U201313778@hust.edu.cn发送邮件过多被拒: (450, 'Requested action not taken: GQEQrJCr7+xy7KVX+w6OAA--.13533S2, please try again')

######## [2016/08/06 21:57:11] Start to send a group.
Connect mail.hust.edu.cn Success.
Account M201571856@hust.edu.cn login Success.

######## [2016/08/06 21:57:18] After send a group:
当前账号M201571856@hust.edu.cn发送邮件过多被拒: (450, 'Requested action not taken: GQEQrJD7jul57KVXBA+OAA--.20377S2, please try again')

######## [2016/08/06 21:57:18] Start to send a group.
Connect mail.hust.edu.cn Success.
Account U201313778@hust.edu.cn login Success.

######## [2016/08/06 21:57:25] After send a group:
当前账号U201313778@hust.edu.cn发送邮件过多被拒: (450, 'Requested action not taken: GQEQrJC7TumA7KVXCw+OAA--.20369S2, please try again')










################################################################
######## [2016/08/06 22:04:11] Start the program.

######## [2016/08/06 22:04:11] 读取附件成功

######## [2016/08/06 22:04:11] Start to send a group.
Connect mail.hust.edu.cn Success.
Account M201571736@hust.edu.cn login Success.

######## [2016/08/06 22:04:18] After send a group:
部分邮件发送失败

######## [2016/08/06 22:04:23] Start to send a group.
Connect mail.hust.edu.cn Success.
Account M201571736@hust.edu.cn login Success.

######## [2016/08/06 22:04:24] After send a group:
未知原因，暂时发送失败: Connection unexpectedly closed

######## [2016/08/06 22:04:24] Start to send a group.
Connect mail.hust.edu.cn Success.
Account M201571736@hust.edu.cn login Success.

######## [2016/08/06 22:04:25] After send a group:
未知原因，暂时发送失败: Connection unexpectedly closed

######## [2016/08/06 22:04:25] Start to send a group.
Connect mail.hust.edu.cn Success.
Account M201571736@hust.edu.cn login Success.

######## [2016/08/06 22:04:27] After send a group:
未知原因，暂时发送失败: Connection unexpectedly closed

######## [2016/08/06 22:04:27] Start to send a group.
Connect mail.hust.edu.cn Success.
Account M201571736@hust.edu.cn login Success.

######## [2016/08/06 22:04:28] After send a group:
未知原因，暂时发送失败: Connection unexpectedly closed

######## [2016/08/06 22:04:28] Start to send a group.
Connect mail.hust.edu.cn Success.
Account M201571736@hust.edu.cn login Success.

######## [2016/08/06 22:04:29] After send a group:
未知原因，暂时发送失败: Connection unexpectedly closed

######## [2016/08/06 22:04:29] Start to send a group.
Connect mail.hust.edu.cn Success.
Account M201571736@hust.edu.cn login Success.

######## [2016/08/06 22:04:31] After send a group:
未知原因，暂时发送失败: Connection unexpectedly closed

######## [2016/08/06 22:04:31] Start to send a group.
Connect mail.hust.edu.cn Success.
Account M201571736@hust.edu.cn login Success.

######## [2016/08/06 22:04:32] After send a group:
未知原因，暂时发送失败: Connection unexpectedly closed

######## [2016/08/06 22:04:32] Start to send a group.
Connect mail.hust.edu.cn Success.
Account M201571736@hust.edu.cn login Success.

######## [2016/08/06 22:04:34] After send a group:
未知原因，暂时发送失败: Connection unexpectedly closed

######## [2016/08/06 22:04:34] Start to send a group.
Connect mail.hust.edu.cn Success.
Account M201571736@hust.edu.cn login Success.

######## [2016/08/06 22:04:35] After send a group:
未知原因，暂时发送失败: Connection unexpectedly closed

######## [2016/08/06 22:04:35] Start to send a group.
Connect mail.hust.edu.cn Success.
Account M201571736@hust.edu.cn login Success.

######## [2016/08/06 22:04:36] After send a group:
未知原因，暂时发送失败: Connection unexpectedly closed

######## [2016/08/06 22:04:36] Start to send a group.
Connect mail.hust.edu.cn Success.
Account M201571736@hust.edu.cn login Success.

######## [2016/08/06 22:04:38] After send a group:
未知原因，暂时发送失败: Connection unexpectedly closed

######## [2016/08/06 22:04:38] Start to send a group.
Connect mail.hust.edu.cn Success.
Account M201571736@hust.edu.cn login Success.

######## [2016/08/06 22:04:39] After send a group:
未知原因，暂时发送失败: Connection unexpectedly closed

######## [2016/08/06 22:04:39] Start to send a group.
Connect mail.hust.edu.cn Success.
Account M201571736@hust.edu.cn login Success.

######## [2016/08/06 22:04:40] After send a group:
未知原因，暂时发送失败: Connection unexpectedly closed

######## [2016/08/06 22:04:40] Start to send a group.
Connect mail.hust.edu.cn Success.
Account M201571736@hust.edu.cn login Success.

######## [2016/08/06 22:04:42] After send a group:
未知原因，暂时发送失败: Connection unexpectedly closed

######## [2016/08/06 22:04:42] Start to send a group.
Connect mail.hust.edu.cn Success.
Account M201571736@hust.edu.cn login Success.

######## [2016/08/06 22:04:43] After send a group:
未知原因，暂时发送失败: Connection unexpectedly closed

######## [2016/08/06 22:04:43] Start to send a group.
Connect mail.hust.edu.cn Success.
Account M201571736@hust.edu.cn login Success.

######## [2016/08/06 22:04:44] After send a group:
未知原因，暂时发送失败: Connection unexpectedly closed

######## [2016/08/06 22:04:44] Start to send a group.
Connect mail.hust.edu.cn Success.
Account M201571736@hust.edu.cn login Success.

######## [2016/08/06 22:04:46] After send a group:
未知原因，暂时发送失败: Connection unexpectedly closed

######## [2016/08/06 22:04:46] Start to send a group.
Connect mail.hust.edu.cn Success.
Account M201571736@hust.edu.cn login Success.

######## [2016/08/06 22:04:47] After send a group:
未知原因，暂时发送失败: Connection unexpectedly closed

######## [2016/08/06 22:04:47] Start to send a group.
Connect mail.hust.edu.cn Success.
Account M201571736@hust.edu.cn login Success.

######## [2016/08/06 22:04:49] After send a group:
未知原因，暂时发送失败: Connection unexpectedly closed

######## [2016/08/06 22:04:49] Start to send a group.
Connect mail.hust.edu.cn Success.
Account M201571736@hust.edu.cn login Success.

######## [2016/08/06 22:04:50] After send a group:
未知原因，暂时发送失败: Connection unexpectedly closed

######## [2016/08/06 22:04:50] Start to send a group.
Connect mail.hust.edu.cn Success.
Account M201571736@hust.edu.cn login Success.

######## [2016/08/06 22:04:51] After send a group:
未知原因，暂时发送失败: Connection unexpectedly closed










################################################################
######## [2016/08/06 22:08:37] Start the program.










################################################################
######## [2016/08/06 22:19:38] Start the program.

######## [2016/08/06 22:19:38] 读取附件成功

######## [2016/08/06 22:19:38] Start to send a group.
Connect mail.hust.edu.cn Success.
Account M201571736@hust.edu.cn login Success.

######## [2016/08/06 22:19:40] After send a group:
未知原因，暂时发送失败: Connection unexpectedly closed

######## [2016/08/06 22:19:40] Start to send a group.
Connect mail.hust.edu.cn Success.
Account M201571736@hust.edu.cn login Success.

######## [2016/08/06 22:19:41] After send a group:
未知原因，暂时发送失败: Connection unexpectedly closed

######## [2016/08/06 22:19:41] Start to send a group.
Connect mail.hust.edu.cn Success.
Account M201571736@hust.edu.cn login Success.

######## [2016/08/06 22:19:42] After send a group:
未知原因，暂时发送失败: Connection unexpectedly closed

######## [2016/08/06 22:19:42] Start to send a group.
Connect mail.hust.edu.cn Success.
Account M201571736@hust.edu.cn login Success.










################################################################
######## [2016/08/06 22:20:05] Start the program.

######## [2016/08/06 22:20:05] 读取附件成功

######## [2016/08/06 22:20:05] Start to send a group.
Connect mail.hust.edu.cn Success.
Account M201571736@hust.edu.cn login Success.

######## [2016/08/06 22:20:07] After send a group:
未知原因，暂时发送失败: Connection unexpectedly closed

######## [2016/08/06 22:20:07] Start to send a group.
Connect mail.hust.edu.cn Success.
Account M201571736@hust.edu.cn login Success.

######## [2016/08/06 22:20:08] After send a group:
未知原因，暂时发送失败: Connection unexpectedly closed

######## [2016/08/06 22:20:08] Start to send a group.
Connect mail.hust.edu.cn Success.
Account M201571736@hust.edu.cn login Success.

######## [2016/08/06 22:20:09] After send a group:
未知原因，暂时发送失败: Connection unexpectedly closed

######## [2016/08/06 22:20:09] Start to send a group.
Connect mail.hust.edu.cn Success.
Account M201571736@hust.edu.cn login Success.

######## [2016/08/06 22:20:11] After send a group:
未知原因，暂时发送失败: Connection unexpectedly closed

######## [2016/08/06 22:20:11] Start to send a group.
Connect mail.hust.edu.cn Success.
Account M201571736@hust.edu.cn login Success.










################################################################
######## [2016/08/06 22:20:31] Start the program.

######## [2016/08/06 22:20:32] 读取附件成功

######## [2016/08/06 22:20:32] Start to send a group.
Connect smtp.163.com Success.
Account liangjinchao.happy@163.com login Success.

######## [2016/08/06 22:20:42] After send a group:


######## [2016/08/06 22:20:42] Start to send a group.
Connect smtp.163.com Success.
Account liangjinchao.happy@163.com login Success.

######## [2016/08/06 22:20:50] After send a group:











################################################################
######## [2016/08/06 22:22:36] Start the program.

######## [2016/08/06 22:22:36] 读取附件成功

######## [2016/08/06 22:22:36] Start to send a group.
Connect smtp.163.com Success.
Account liangjinchao.happy@163.com login Success.

######## [2016/08/06 22:22:44] After send a group:


######## [2016/08/06 22:22:44] Start to send a group.
Connect smtp.163.com Success.
Account liangjinchao.happy@163.com login Success.

######## [2016/08/06 22:22:54] After send a group:











################################################################
######## [2016/08/06 22:23:13] Start the program.

######## [2016/08/06 22:23:13] 读取附件成功

######## [2016/08/06 22:23:13] Start to send a group.
Connect mail.hust.edu.cn Success.
Account M201571856@hust.edu.cn login Success.

######## [2016/08/06 22:23:20] After send a group:
当前账号M201571856@hust.edu.cn发送邮件过多被拒: (450, 'Requested action not taken: GQEQrJC7T+qS8qVXjhiOAA--.29571S2, please try again')

######## [2016/08/06 22:23:40] Start to send a group.
Connect mail.hust.edu.cn Success.
Account M201571856@hust.edu.cn login Success.

######## [2016/08/06 22:23:47] After send a group:
当前账号M201571856@hust.edu.cn发送邮件过多被拒: (450, 'Requested action not taken: GQEQrJDrf+qu8qVXqxiOAA--.30116S2, please try again')

######## [2016/08/06 22:24:07] Start to send a group.
Connect mail.hust.edu.cn Success.
Account M201571856@hust.edu.cn login Success.










################################################################
######## [2016/08/06 22:26:31] Start the program.

######## [2016/08/06 22:26:31] 读取附件成功

######## [2016/08/06 22:26:31] Start to send a group.
Connect smtp.163.com Success.
Account liangjinchao.happy@163.com login Success.

######## [2016/08/06 22:26:41] After send a group:


######## [2016/08/06 22:26:41] Start to send a group.
Connect smtp.163.com Success.
Account liangjinchao.happy@163.com login Success.

######## [2016/08/06 22:26:50] After send a group:











################################################################
######## [2016/08/06 22:31:29] Start the program.

######## [2016/08/06 22:31:29] 读取附件成功

######## [2016/08/06 22:31:29] Start to send a group.
Connect mail.hust.edu.cn Success.
Account M201571736@hust.edu.cn login Success.

######## [2016/08/06 22:31:30] After send a group:
未知原因，暂时发送失败: Connection unexpectedly closed

######## [2016/08/06 22:31:30] Start to send a group.
Connect mail.hust.edu.cn Success.
Account M201571736@hust.edu.cn login Success.

######## [2016/08/06 22:31:32] After send a group:
未知原因，暂时发送失败: Connection unexpectedly closed

######## [2016/08/06 22:31:32] Start to send a group.
Connect mail.hust.edu.cn Success.
Account M201571736@hust.edu.cn login Success.

######## [2016/08/06 22:31:33] After send a group:
未知原因，暂时发送失败: Connection unexpectedly closed

######## [2016/08/06 22:31:33] Start to send a group.
Connect mail.hust.edu.cn Success.
Account M201571736@hust.edu.cn login Success.

######## [2016/08/06 22:31:34] After send a group:
未知原因，暂时发送失败: Connection unexpectedly closed

######## [2016/08/06 22:31:34] Start to send a group.
Connect mail.hust.edu.cn Success.
Account M201571736@hust.edu.cn login Success.

######## [2016/08/06 22:31:36] After send a group:
未知原因，暂时发送失败: Connection unexpectedly closed

######## [2016/08/06 22:31:36] Start to send a group.
Connect mail.hust.edu.cn Success.
Account M201571736@hust.edu.cn login Success.

######## [2016/08/06 22:31:37] After send a group:
未知原因，暂时发送失败: Connection unexpectedly closed

######## [2016/08/06 22:31:37] Start to send a group.
Connect mail.hust.edu.cn Success.
Account M201571736@hust.edu.cn login Success.

######## [2016/08/06 22:31:38] After send a group:
未知原因，暂时发送失败: Connection unexpectedly closed

######## [2016/08/06 22:31:38] Start to send a group.
Connect mail.hust.edu.cn Success.
Account M201571736@hust.edu.cn login Success.

######## [2016/08/06 22:31:40] After send a group:
未知原因，暂时发送失败: Connection unexpectedly closed

######## [2016/08/06 22:31:40] Start to send a group.
Connect mail.hust.edu.cn Success.
Account M201571736@hust.edu.cn login Success.

######## [2016/08/06 22:31:41] After send a group:
未知原因，暂时发送失败: Connection unexpectedly closed

######## [2016/08/06 22:31:41] Start to send a group.
Connect mail.hust.edu.cn Success.
Account M201571736@hust.edu.cn login Success.

######## [2016/08/06 22:31:42] After send a group:
未知原因，暂时发送失败: Connection unexpectedly closed

######## [2016/08/06 22:31:42] Start to send a group.
Connect mail.hust.edu.cn Success.
Account M201571736@hust.edu.cn login Success.

######## [2016/08/06 22:31:44] After send a group:
未知原因，暂时发送失败: Connection unexpectedly closed

######## [2016/08/06 22:31:44] Start to send a group.
Connect mail.hust.edu.cn Success.
Account M201571736@hust.edu.cn login Success.

######## [2016/08/06 22:31:45] After send a group:
未知原因，暂时发送失败: Connection unexpectedly closed

######## [2016/08/06 22:31:45] Start to send a group.
Connect mail.hust.edu.cn Success.
Account M201571736@hust.edu.cn login Success.

######## [2016/08/06 22:31:46] After send a group:
未知原因，暂时发送失败: Connection unexpectedly closed

######## [2016/08/06 22:31:46] Start to send a group.
Connect mail.hust.edu.cn Success.
Account M201571736@hust.edu.cn login Success.

######## [2016/08/06 22:31:48] After send a group:
未知原因，暂时发送失败: Connection unexpectedly closed

######## [2016/08/06 22:31:48] Start to send a group.
Connect mail.hust.edu.cn Success.
Account M201571736@hust.edu.cn login Success.

######## [2016/08/06 22:31:49] After send a group:
未知原因，暂时发送失败: Connection unexpectedly closed

######## [2016/08/06 22:31:49] Start to send a group.
Connect mail.hust.edu.cn Success.
Account M201571736@hust.edu.cn login Success.

######## [2016/08/06 22:31:50] After send a group:
未知原因，暂时发送失败: Connection unexpectedly closed

######## [2016/08/06 22:31:50] Start to send a group.
Connect mail.hust.edu.cn Success.
Account M201571736@hust.edu.cn login Success.

######## [2016/08/06 22:31:52] After send a group:
未知原因，暂时发送失败: Connection unexpectedly closed

######## [2016/08/06 22:32:05] Start to send a group.
Connect mail.hust.edu.cn Success.
Account M201571736@hust.edu.cn login Success.

######## [2016/08/06 22:32:06] After send a group:
未知原因，暂时发送失败: Connection unexpectedly closed

######## [2016/08/06 22:32:06] Start to send a group.
Connect mail.hust.edu.cn Success.
Account M201571736@hust.edu.cn login Success.

######## [2016/08/06 22:32:08] After send a group:
未知原因，暂时发送失败: Connection unexpectedly closed

######## [2016/08/06 22:32:08] Start to send a group.
Connect mail.hust.edu.cn Success.
Account M201571736@hust.edu.cn login Success.

######## [2016/08/06 22:32:09] After send a group:
未知原因，暂时发送失败: Connection unexpectedly closed

######## [2016/08/06 22:32:14] Start to send a group.
Connect mail.hust.edu.cn Success.
Account M201571736@hust.edu.cn login Success.

######## [2016/08/06 22:32:15] After send a group:
未知原因，暂时发送失败: Connection unexpectedly closed

######## [2016/08/06 22:32:20] Start to send a group.
Connect mail.hust.edu.cn Success.
Account M201571736@hust.edu.cn login Success.

######## [2016/08/06 22:32:22] After send a group:
未知原因，暂时发送失败: Connection unexpectedly closed

######## [2016/08/06 22:32:27] Start to send a group.
Connect mail.hust.edu.cn Success.
Account M201571736@hust.edu.cn login Success.

######## [2016/08/06 22:32:28] After send a group:
未知原因，暂时发送失败: Connection unexpectedly closed

######## [2016/08/06 22:32:33] Start to send a group.
Connect mail.hust.edu.cn Success.
Account M201571736@hust.edu.cn login Success.

######## [2016/08/06 22:32:34] After send a group:
未知原因，暂时发送失败: Connection unexpectedly closed

######## [2016/08/06 22:32:39] Start to send a group.
Connect mail.hust.edu.cn Success.
Account M201571736@hust.edu.cn login Success.

######## [2016/08/06 22:32:41] After send a group:
未知原因，暂时发送失败: Connection unexpectedly closed

######## [2016/08/06 22:32:47] Start to send a group.
Connect mail.hust.edu.cn Success.
Account M201571736@hust.edu.cn login Success.

######## [2016/08/06 22:32:48] After send a group:
未知原因，暂时发送失败: Connection unexpectedly closed

######## [2016/08/06 22:32:53] Start to send a group.
Connect mail.hust.edu.cn Success.
Account M201571736@hust.edu.cn login Success.

######## [2016/08/06 22:32:55] After send a group:
未知原因，暂时发送失败: Connection unexpectedly closed

######## [2016/08/06 22:33:00] Start to send a group.
Connect mail.hust.edu.cn Success.
Account M201571736@hust.edu.cn login Success.

######## [2016/08/06 22:33:01] After send a group:
未知原因，暂时发送失败: Connection unexpectedly closed

######## [2016/08/06 22:33:06] Start to send a group.
Connect mail.hust.edu.cn Success.
Account M201571736@hust.edu.cn login Success.

######## [2016/08/06 22:33:07] After send a group:
未知原因，暂时发送失败: Connection unexpectedly closed

######## [2016/08/06 22:33:12] Start to send a group.
Connect mail.hust.edu.cn Success.
Account M201571736@hust.edu.cn login Success.

######## [2016/08/06 22:33:14] After send a group:
未知原因，暂时发送失败: Connection unexpectedly closed

######## [2016/08/06 22:33:19] Start to send a group.
Connect mail.hust.edu.cn Success.
Account M201571736@hust.edu.cn login Success.

######## [2016/08/06 22:33:20] After send a group:
未知原因，暂时发送失败: Connection unexpectedly closed

######## [2016/08/06 22:33:25] Start to send a group.










################################################################
######## [2016/08/06 22:34:42] Start the program.

######## [2016/08/06 22:34:42] 读取附件成功

######## [2016/08/06 22:34:42] Start to send a group.
Connect mail.hust.edu.cn Success.
Account M201571736@hust.edu.cn login Success.

######## [2016/08/06 22:34:43] After send a group:
未知原因，暂时发送失败: Connection unexpectedly closed

######## [2016/08/06 22:34:43] Start to send a group.
Connect mail.hust.edu.cn Success.
Account M201571736@hust.edu.cn login Success.

######## [2016/08/06 22:34:44] After send a group:
未知原因，暂时发送失败: Connection unexpectedly closed

######## [2016/08/06 22:34:44] Start to send a group.
Connect mail.hust.edu.cn Success.
Account M201571736@hust.edu.cn login Success.










################################################################
######## [2016/08/06 22:34:54] Start the program.

######## [2016/08/06 22:34:54] 读取附件成功

######## [2016/08/06 22:34:54] Start to send a group.
Connect mail.hust.edu.cn Success.
Account U201313778@hust.edu.cn login Success.

######## [2016/08/06 22:35:04] After send a group:
当前账号U201313778@hust.edu.cn发送邮件过多被拒: (450, 'Requested action not taken: GQEQrJC7T+pP9aVXGByOAA--.29587S2, please try again')

######## [2016/08/06 22:35:04] Start to send a group.
Connect smtp.163.com Success.
Account liangjinchao.happy@163.com login Success.

######## [2016/08/06 22:35:13] After send a group:


######## [2016/08/06 22:35:13] Start to send a group.
Connect smtp.163.com Success.
Account liangjinchao.happy@163.com login Success.

######## [2016/08/06 22:35:21] After send a group:











################################################################
######## [2016/08/06 22:40:29] Start the program.

######## [2016/08/06 22:40:29] 读取附件成功

######## [2016/08/06 22:40:29] Start to send a group.
Connect smtp.163.com Success.
Account liangjinchao.happy@163.com login Success.

######## [2016/08/06 22:40:39] After send a group:


######## [2016/08/06 22:40:39] Start to send a group.
Connect smtp.163.com Success.
Account liangjinchao.happy@163.com login Success.

######## [2016/08/06 22:40:47] After send a group:











################################################################
######## [2016/08/06 22:43:04] Start the program.

######## [2016/08/06 22:43:05] 读取附件成功

######## [2016/08/06 22:43:05] Start to send a group.
Connect smtp.163.com Success.
Account liangjinchao.happy@163.com login Success.

######## [2016/08/06 22:43:13] After send a group:

